{"numTotalTestSuites":35,"numPassedTestSuites":24,"numFailedTestSuites":11,"numPendingTestSuites":0,"numTotalTests":49,"numPassedTests":46,"numFailedTests":0,"numPendingTests":0,"numTodoTests":3,"snapshot":{"added":0,"failure":false,"filesAdded":0,"filesRemoved":0,"filesRemovedList":[],"filesUnmatched":0,"filesUpdated":0,"matched":0,"total":0,"unchecked":0,"uncheckedKeysByFile":[],"unmatched":0,"updated":0,"didUpdate":false},"startTime":1776355027819,"success":false,"testResults":[{"assertionResults":[{"ancestorTitles":["minimal test"],"fullName":"minimal test works","status":"passed","title":"works","duration":1.3384000000000356,"failureMessages":[],"meta":{}}],"startTime":1776355030292,"endTime":1776355030293.3384,"status":"passed","message":"","name":"E:/project/games/game_life/test/minimal.test.ts"},{"assertionResults":[{"ancestorTitles":["e2e/routes smoke (placeholder)"],"fullName":"e2e/routes smoke (placeholder) loads start page route \"/\"","status":"todo","title":"loads start page route \"/\"","failureMessages":[],"meta":{}},{"ancestorTitles":["e2e/routes smoke (placeholder)"],"fullName":"e2e/routes smoke (placeholder) loads main game route \"/game\"","status":"todo","title":"loads main game route \"/game\"","failureMessages":[],"meta":{}},{"ancestorTitles":["e2e/routes smoke (placeholder)"],"fullName":"e2e/routes smoke (placeholder) loads dynamic section route \"/game/finance\"","status":"todo","title":"loads dynamic section route \"/game/finance\"","failureMessages":[],"meta":{}}],"startTime":1776355027819,"endTime":1776355027819,"status":"passed","message":"","name":"E:/project/games/game_life/test/e2e/routes/routes-smoke.test.ts"},{"assertionResults":[{"ancestorTitles":["integration/childhood full flow 0-18"],"fullName":"integration/childhood full flow 0-18 creates world with all childhood systems","status":"passed","title":"creates world with all childhood systems","duration":3.7346999999999753,"failureMessages":[],"meta":{}},{"ancestorTitles":["integration/childhood full flow 0-18"],"fullName":"integration/childhood full flow 0-18 childhood skills caps are initialized at 1.0","status":"passed","title":"childhood skills caps are initialized at 1.0","duration":1.462099999999964,"failureMessages":[],"meta":{}},{"ancestorTitles":["integration/childhood full flow 0-18"],"fullName":"integration/childhood full flow 0-18 all 140+ childhood events are loaded","status":"passed","title":"all 140+ childhood events are loaded","duration":0.588799999999992,"failureMessages":[],"meta":{}},{"ancestorTitles":["integration/childhood full flow 0-18"],"fullName":"integration/childhood full flow 0-18 all events have valid structure","status":"passed","title":"all events have valid structure","duration":22.8436999999999,"failureMessages":[],"meta":{}},{"ancestorTitles":["integration/childhood full flow 0-18"],"fullName":"integration/childhood full flow 0-18 all events have unique IDs","status":"passed","title":"all events have unique IDs","duration":0.5205000000000837,"failureMessages":[],"meta":{}},{"ancestorTitles":["integration/childhood full flow 0-18"],"fullName":"integration/childhood full flow 0-18 skill cap decreases when first touch is late","status":"passed","title":"skill cap decreases when first touch is late","duration":0.4249999999999545,"failureMessages":[],"meta":{}},{"ancestorTitles":["integration/childhood full flow 0-18"],"fullName":"integration/childhood full flow 0-18 delayed effects system processes effects by age","status":"passed","title":"delayed effects system processes effects by age","duration":2.260099999999966,"failureMessages":[],"meta":{}},{"ancestorTitles":["integration/childhood full flow 0-18"],"fullName":"integration/childhood full flow 0-18 life memory system records and calculates childhood score","status":"passed","title":"life memory system records and calculates childhood score","duration":0.753099999999904,"failureMessages":[],"meta":{}},{"ancestorTitles":["integration/childhood full flow 0-18"],"fullName":"integration/childhood full flow 0-18 chain resolver finds chain events","status":"passed","title":"chain resolver finds chain events","duration":0.4210000000000491,"failureMessages":[],"meta":{}},{"ancestorTitles":["integration/childhood full flow 0-18"],"fullName":"integration/childhood full flow 0-18 all 8 planned chains exist","status":"passed","title":"all 8 planned chains exist","duration":0.7786000000000968,"failureMessages":[],"meta":{}},{"ancestorTitles":["integration/childhood full flow 0-18"],"fullName":"integration/childhood full flow 0-18 all choices have delayed consequences (70%+ target)","status":"passed","title":"all choices have delayed consequences (70%+ target)","duration":0.5452000000000226,"failureMessages":[],"meta":{}},{"ancestorTitles":["integration/childhood full flow 0-18"],"fullName":"integration/childhood full flow 0-18 personality traits cover all 5 axes","status":"passed","title":"personality traits cover all 5 axes","duration":0.31189999999992324,"failureMessages":[],"meta":{}},{"ancestorTitles":["integration/childhood full flow 0-18"],"fullName":"integration/childhood full flow 0-18 all personality traits have required fields","status":"passed","title":"all personality traits have required fields","duration":5.2327000000000226,"failureMessages":[],"meta":{}},{"ancestorTitles":["integration/childhood full flow 0-18"],"fullName":"integration/childhood full flow 0-18 simulating age progression from 0 to 18 does not throw","status":"passed","title":"simulating age progression from 0 to 18 does not throw","duration":1.3967999999999847,"failureMessages":[],"meta":{}}],"startTime":1776355029445,"endTime":1776355029486.3967,"status":"passed","message":"","name":"E:/project/games/game_life/test/integration/childhood/childhood-flow.test.ts"},{"assertionResults":[],"startTime":1776355027819,"endTime":1776355027819,"status":"failed","message":"Cannot read properties of undefined (reading 'TODDLER')","name":"E:/project/games/game_life/test/integration/store/game-store.integration.test.ts"},{"assertionResults":[{"ancestorTitles":["Canonical engine runtime keys"],"fullName":"Canonical engine runtime keys does not use legacy keys outside compatibility boundary","status":"passed","title":"does not use legacy keys outside compatibility boundary","duration":101.49549999999999,"failureMessages":[],"meta":{}}],"startTime":1776355029018,"endTime":1776355029119.4956,"status":"passed","message":"","name":"E:/project/games/game_life/test/unit/architecture/canonical-ecs-keys.test.ts"},{"assertionResults":[{"ancestorTitles":["Layer boundaries"],"fullName":"Layer boundaries pages do not import engine domain directly","status":"passed","title":"pages do not import engine domain directly","duration":25.280099999999948,"failureMessages":[],"meta":{}},{"ancestorTitles":["Layer boundaries"],"fullName":"Layer boundaries composables do not mutate world directly","status":"passed","title":"composables do not mutate world directly","duration":7.1077999999999975,"failureMessages":[],"meta":{}}],"startTime":1776355028994,"endTime":1776355029026.108,"status":"passed","message":"","name":"E:/project/games/game_life/test/unit/architecture/layer-boundaries.test.ts"},{"assertionResults":[{"ancestorTitles":["Architecture boundaries for stores"],"fullName":"Architecture boundaries for stores does not import engine systems directly from stores","status":"passed","title":"does not import engine systems directly from stores","duration":26.679700000000025,"failureMessages":[],"meta":{}}],"startTime":1776355029868,"endTime":1776355029894.6797,"status":"passed","message":"","name":"E:/project/games/game_life/test/unit/architecture/store-boundaries.test.ts"},{"assertionResults":[],"startTime":1776355027819,"endTime":1776355027819,"status":"failed","message":"Cannot read properties of undefined (reading 'TODDLER')","name":"E:/project/games/game_life/test/unit/domain/balance/actions-catalog.test.ts"},{"assertionResults":[{"ancestorTitles":["calculateStatChangesWithBreakdown"],"fullName":"calculateStatChangesWithBreakdown matches calculateStatChanges for every stat (sleep fixture: база только из statChanges)","status":"passed","title":"matches calculateStatChanges for every stat (sleep fixture: база только из statChanges)","duration":3.419900000000041,"failureMessages":[],"meta":{}},{"ancestorTitles":["calculateStatChangesWithBreakdown"],"fullName":"calculateStatChangesWithBreakdown matches with sleep debt (stress gets sleep penalty on sleep action)","status":"passed","title":"matches with sleep debt (stress gets sleep penalty on sleep action)","duration":0.7658999999999878,"failureMessages":[],"meta":{}},{"ancestorTitles":["calculateStatChangesWithBreakdown"],"fullName":"calculateStatChangesWithBreakdown matches with per-stat modifier","status":"passed","title":"matches with per-stat modifier","duration":0.657100000000014,"failureMessages":[],"meta":{}},{"ancestorTitles":["calculateStatChangesWithBreakdown"],"fullName":"calculateStatChangesWithBreakdown matches aging on negative deltas","status":"passed","title":"matches aging on negative deltas","duration":0.4439000000000419,"failureMessages":[],"meta":{}},{"ancestorTitles":["calculateStatChangesWithBreakdown"],"fullName":"calculateStatChangesWithBreakdown длительность (hours) не меняет дельты — только база из statChanges","status":"passed","title":"длительность (hours) не меняет дельты — только база из statChanges","duration":0.22989999999998645,"failureMessages":[],"meta":{}}],"startTime":1776355029601,"endTime":1776355029606.4438,"status":"passed","message":"","name":"E:/project/games/game_life/test/unit/domain/balance/hourly-rates-breakdown.test.ts"},{"assertionResults":[],"startTime":1776355027819,"endTime":1776355027819,"status":"failed","message":"Cannot read properties of undefined (reading 'TODDLER')","name":"E:/project/games/game_life/test/unit/domain/childhood/chain-resolver.test.ts"},{"assertionResults":[{"ancestorTitles":["domain/childhood events registry"],"fullName":"domain/childhood events registry ALL_CHILDHOOD_EVENTS is non-empty","status":"passed","title":"ALL_CHILDHOOD_EVENTS is non-empty","duration":1.7476000000001477,"failureMessages":[],"meta":{}},{"ancestorTitles":["domain/childhood events registry"],"fullName":"domain/childhood events registry total count matches stats","status":"passed","title":"total count matches stats","duration":0.3350000000000364,"failureMessages":[],"meta":{}},{"ancestorTitles":["domain/childhood events registry"],"fullName":"domain/childhood events registry every event has required fields","status":"passed","title":"every event has required fields","duration":25.65820000000008,"failureMessages":[],"meta":{}},{"ancestorTitles":["domain/childhood events registry"],"fullName":"domain/childhood events registry every event has unique id","status":"passed","title":"every event has unique id","duration":0.25,"failureMessages":[],"meta":{}},{"ancestorTitles":["domain/childhood events registry"],"fullName":"domain/childhood events registry event types are valid","status":"passed","title":"event types are valid","duration":3.123100000000022,"failureMessages":[],"meta":{}},{"ancestorTitles":["domain/childhood events registry"],"fullName":"domain/childhood events registry stats breakdown matches actual counts","status":"passed","title":"stats breakdown matches actual counts","duration":0.5360000000000582,"failureMessages":[],"meta":{}},{"ancestorTitles":["domain/childhood events by age group"],"fullName":"domain/childhood events by age group CHILDHOOD_EVENTS_BY_AGE_GROUP has entries for all age groups","status":"passed","title":"CHILDHOOD_EVENTS_BY_AGE_GROUP has entries for all age groups","duration":0.3183999999998832,"failureMessages":[],"meta":{}},{"ancestorTitles":["domain/childhood events by age group"],"fullName":"domain/childhood events by age group getChildhoodEventsForAge returns correct events","status":"passed","title":"getChildhoodEventsForAge returns correct events","duration":0.9664999999999964,"failureMessages":[],"meta":{}},{"ancestorTitles":["domain/childhood events by age group"],"fullName":"domain/childhood events by age group getChildhoodEventById finds existing event","status":"passed","title":"getChildhoodEventById finds existing event","duration":0.27690000000006876,"failureMessages":[],"meta":{}},{"ancestorTitles":["domain/childhood events by age group"],"fullName":"domain/childhood events by age group getChildhoodEventById returns undefined for unknown id","status":"passed","title":"getChildhoodEventById returns undefined for unknown id","duration":0.3109999999999218,"failureMessages":[],"meta":{}},{"ancestorTitles":["domain/childhood event choices"],"fullName":"domain/childhood event choices every choice has label and description","status":"passed","title":"every choice has label and description","duration":13.051799999999957,"failureMessages":[],"meta":{}},{"ancestorTitles":["domain/childhood event choices"],"fullName":"domain/childhood event choices events with chainTag have valid chain structure","status":"passed","title":"events with chainTag have valid chain structure","duration":0.4432999999999083,"failureMessages":[],"meta":{}},{"ancestorTitles":["domain/childhood event choices"],"fullName":"domain/childhood event choices getChildhoodEventsByChain returns events for known chain","status":"passed","title":"getChildhoodEventsByChain returns events for known chain","duration":0.18709999999987303,"failureMessages":[],"meta":{}},{"ancestorTitles":["domain/childhood event choices"],"fullName":"domain/childhood event choices getChildhoodEventsByChain returns empty for unknown chain","status":"passed","title":"getChildhoodEventsByChain returns empty for unknown chain","duration":6.653099999999995,"failureMessages":[],"meta":{}}],"startTime":1776355029225,"endTime":1776355029279.653,"status":"passed","message":"","name":"E:/project/games/game_life/test/unit/domain/childhood/childhood-events.test.ts"},{"assertionResults":[],"startTime":1776355027819,"endTime":1776355027819,"status":"failed","message":"Cannot read properties of undefined (reading 'TODDLER')","name":"E:/project/games/game_life/test/unit/domain/childhood/childhood-skills.test.ts"},{"assertionResults":[],"startTime":1776355027819,"endTime":1776355027819,"status":"failed","message":"Cannot read properties of undefined (reading 'TODDLER')","name":"E:/project/games/game_life/test/unit/domain/childhood/delayed-effects.test.ts"},{"assertionResults":[{"ancestorTitles":["find dupe"],"fullName":"find dupe find duplicate IDs","status":"passed","title":"find duplicate IDs","duration":4.145699999999977,"failureMessages":[],"meta":{}}],"startTime":1776355030070,"endTime":1776355030074.1458,"status":"passed","message":"","name":"E:/project/games/game_life/test/unit/domain/childhood/find-dupe.test.ts"},{"assertionResults":[],"startTime":1776355027819,"endTime":1776355027819,"status":"failed","message":"Cannot read properties of undefined (reading 'TODDLER')","name":"E:/project/games/game_life/test/unit/domain/childhood/life-memory.test.ts"},{"assertionResults":[],"startTime":1776355027819,"endTime":1776355027819,"status":"failed","message":"Cannot read properties of undefined (reading 'TODDLER')","name":"E:/project/games/game_life/test/unit/domain/childhood/personality-traits.test.ts"},{"assertionResults":[],"startTime":1776355027819,"endTime":1776355027819,"status":"failed","message":"Cannot read properties of undefined (reading 'TODDLER')","name":"E:/project/games/game_life/test/unit/domain/engine/event-dedup.test.ts"},{"assertionResults":[],"startTime":1776355027819,"endTime":1776355027819,"status":"failed","message":"Cannot read properties of undefined (reading 'TODDLER')","name":"E:/project/games/game_life/test/unit/domain/engine/finance-contract.test.ts"},{"assertionResults":[],"startTime":1776355027819,"endTime":1776355027819,"status":"failed","message":"Cannot read properties of undefined (reading 'TODDLER')","name":"E:/project/games/game_life/test/unit/domain/engine/skills-shape.test.ts"},{"assertionResults":[{"ancestorTitles":["telemetry module"],"fullName":"telemetry module telemetryInc increments counter","status":"passed","title":"telemetryInc increments counter","duration":1.8624000000000365,"failureMessages":[],"meta":{}},{"ancestorTitles":["telemetry module"],"fullName":"telemetry module telemetryInc increments with custom delta","status":"passed","title":"telemetryInc increments with custom delta","duration":0.31169999999997344,"failureMessages":[],"meta":{}},{"ancestorTitles":["telemetry module"],"fullName":"telemetry module telemetryInc accumulates multiple calls","status":"passed","title":"telemetryInc accumulates multiple calls","duration":0.15620000000001255,"failureMessages":[],"meta":{}},{"ancestorTitles":["telemetry module"],"fullName":"telemetry module telemetryReset clears all counters","status":"passed","title":"telemetryReset clears all counters","duration":0.9395999999999844,"failureMessages":[],"meta":{}},{"ancestorTitles":["telemetry module"],"fullName":"telemetry module telemetryGetCounters returns a copy","status":"passed","title":"telemetryGetCounters returns a copy","duration":0.23840000000001282,"failureMessages":[],"meta":{}}],"startTime":1776355029655,"endTime":1776355029658.2383,"status":"passed","message":"","name":"E:/project/games/game_life/test/unit/domain/engine/telemetry.test.ts"},{"assertionResults":[],"startTime":1776355027819,"endTime":1776355027819,"status":"failed","message":"Cannot read properties of undefined (reading 'TODDLER')","name":"E:/project/games/game_life/test/unit/domain/engine/world-bootstrap.test.ts"},{"assertionResults":[{"ancestorTitles":["GameWorld legacy/canonical compatibility"],"fullName":"GameWorld legacy/canonical compatibility reads legacy keys through canonical names","status":"passed","title":"reads legacy keys through canonical names","duration":1.5387000000000626,"failureMessages":[],"meta":{}},{"ancestorTitles":["GameWorld legacy/canonical compatibility"],"fullName":"GameWorld legacy/canonical compatibility serializes canonical runtime keys to legacy save keys","status":"passed","title":"serializes canonical runtime keys to legacy save keys","duration":0.44439999999997326,"failureMessages":[],"meta":{}}],"startTime":1776355030296,"endTime":1776355030298.4443,"status":"passed","message":"","name":"E:/project/games/game_life/test/unit/domain/engine/world-compatibility.test.ts"}]}
